Arguments: 
  /home/gabrielcdiniz/.nvm/versions/node/v16.15.0/bin/node /home/gabrielcdiniz/.nvm/versions/node/v16.15.0/bin/yarn add @types/middy @types/aws-lambda @types/json-schema-to-json -D

PATH: 
  /home/gabrielcdiniz/.vscode-server/bin/c3511e6c69bb39013c4a4b7b9566ec1ca73fc4d5/bin/remote-cli:/home/gabrielcdiniz/.nvm/versions/node/v16.15.0/bin:/home/gabrielcdiniz/.local/share/zinit/polaris/bin:/usr/local/sbin:/usr/local/bin:/usr/sbin:/usr/bin:/sbin:/bin:/usr/games:/usr/local/games:/usr/lib/wsl/lib:/mnt/c/WINDOWS/system32:/mnt/c/WINDOWS:/mnt/c/WINDOWS/System32/Wbem:/mnt/c/WINDOWS/System32/WindowsPowerShell/v1.0/:/mnt/c/WINDOWS/System32/OpenSSH/:/mnt/c/Program Files/Docker/Docker/resources/bin:/mnt/c/ProgramData/DockerDesktop/version-bin:/mnt/c/Users/Gabriel Diniz/AppData/Local/Microsoft/WindowsApps:/mnt/c/Users/Gabriel Diniz/AppData/Local/Programs/Microsoft VS Code/bin

Yarn version: 
  1.22.18

Node version: 
  16.15.0

Platform: 
  linux x64

Trace: 
  Error: https://registry.yarnpkg.com/@types%2fmiddy: Not found
      at Request.params.callback [as _callback] (/home/gabrielcdiniz/.nvm/versions/node/v16.15.0/lib/node_modules/yarn/lib/cli.js:66138:18)
      at Request.self.callback (/home/gabrielcdiniz/.nvm/versions/node/v16.15.0/lib/node_modules/yarn/lib/cli.js:140883:22)
      at Request.emit (node:events:527:28)
      at Request.<anonymous> (/home/gabrielcdiniz/.nvm/versions/node/v16.15.0/lib/node_modules/yarn/lib/cli.js:141855:10)
      at Request.emit (node:events:527:28)
      at IncomingMessage.<anonymous> (/home/gabrielcdiniz/.nvm/versions/node/v16.15.0/lib/node_modules/yarn/lib/cli.js:141777:12)
      at Object.onceWrapper (node:events:641:28)
      at IncomingMessage.emit (node:events:539:35)
      at endReadableNT (node:internal/streams/readable:1345:12)
      at processTicksAndRejections (node:internal/process/task_queues:83:21)

npm manifest: 
  {
    "name": "birthday-schedule",
    "version": "1.0.0",
    "description": "Serverless aws-nodejs-typescript template",
    "main": "serverless.ts",
    "scripts": {
      "test": "echo \"Error: no test specified\" && exit 1"
    },
    "engines": {
      "node": ">=14.15.0"
    },
    "dependencies": {
      "@middy/core": "^2.5.3",
      "@middy/http-json-body-parser": "^2.5.3"
    },
    "devDependencies": {
      "@serverless/typescript": "^3.0.0",
      "@types/aws-lambda": "^8.10.71",
      "@types/node": "^14.14.25",
      "esbuild": "^0.14.11",
      "json-schema-to-ts": "^1.5.0",
      "serverless": "^3.0.0",
      "serverless-esbuild": "^1.23.3",
      "ts-node": "^10.4.0",
      "tsconfig-paths": "^3.9.0",
      "typescript": "^4.1.3"
    },
    "author": "The serverless webpack authors (https://github.com/elastic-coders/serverless-webpack)",
    "license": "MIT"
  }

yarn manifest: 
  No manifest

Lockfile: 
  No lockfile
